<?xml version="1.0" encoding="UTF-8"?>
<!-- Generated by org.testng.reporters.JUnitReportReporter -->
<testsuite hostname="DESKTOP-RG38335" failures="0" tests="4" name="com.qa.TestCases.WikiPageTest" time="13.916" errors="0" timestamp="2021-06-25T19:22:05 CDT" skipped="0">
  <testcase classname="com.qa.TestCases.WikiPageTest" name="verifywikipageTitle" time="3.226"/>
  <system-out/>
  <testcase classname="com.qa.TestCases.WikiPageTest" name="testcreateaccountLink" time="3.412"/>
  <system-out/>
  <testcase classname="com.qa.TestCases.WikiPageTest" name="testmainpageLink" time="3.397"/>
  <system-out/>
  <testcase classname="com.qa.TestCases.WikiPageTest" name="testcontactUs" time="3.881"/>
  <system-out/>
</testsuite> <!-- com.qa.TestCases.WikiPageTest -->
