<?xml version="1.0" encoding="UTF-8"?>
<!-- Generated by org.testng.reporters.JUnitReportReporter -->
<testsuite hostname="DESKTOP-RG38335" failures="0" tests="2" name="com.qa.TestCases.SearchPageTest" time="5.269" errors="0" timestamp="2021-06-25T19:39:06 CDT" skipped="0">
  <testcase classname="com.qa.TestCases.SearchPageTest" name="testvalidatePageTitle" time="1.643"/>
  <system-out/>
  <testcase classname="com.qa.TestCases.SearchPageTest" name="testsearchbox" time="3.626"/>
  <system-out/>
</testsuite> <!-- com.qa.TestCases.SearchPageTest -->
